# JRE version: OpenJDK Runtime Environment (7.0_79-b14) (build 1.7.0_79-b14)
# Java VM: OpenJDK 64-Bit Server VM (24.79-b02 mixed mode linux-amd64 compressed oops)
Heap
 PSYoungGen      total 140288K, used 11757K [0x00000000eaa80000, 0x00000000f3f80000, 0x0000000100000000)
  eden space 128512K, 0% used [0x00000000eaa80000,0x00000000eaa80000,0x00000000f2800000)
  from space 11776K, 99% used [0x00000000f2800000,0x00000000f337b560,0x00000000f3380000)
  to   space 11264K, 0% used [0x00000000f3380000,0x00000000f3380000,0x00000000f3e80000)
 ParOldGen       total 40960K, used 40543K [0x00000000c0000000, 0x00000000c2800000, 0x00000000eaa80000)
  object space 40960K, 98% used [0x00000000c0000000,0x00000000c2797ea8,0x00000000c2800000)
 PSPermGen       total 44032K, used 43599K [0x00000000b0000000, 0x00000000b2b00000, 0x00000000c0000000)
  object space 44032K, 99% used [0x00000000b0000000,0x00000000b2a93c50,0x00000000b2b00000)
GC Heap History (10 events):
Event: 7.957 GC heap after
Heap after GC invocations=10 (full 0):
 PSYoungGen      total 57344K, used 5358K [0x00000000eaa80000, 0x00000000ee880000, 0x0000000100000000)
  eden space 51200K, 0% used [0x00000000eaa80000,0x00000000eaa80000,0x00000000edc80000)
  from space 6144K, 87% used [0x00000000ee280000,0x00000000ee7bb908,0x00000000ee880000)
  to   space 6144K, 0% used [0x00000000edc80000,0x00000000edc80000,0x00000000ee280000)
 ParOldGen       total 40960K, used 10053K [0x00000000c0000000, 0x00000000c2800000, 0x00000000eaa80000)
  object space 40960K, 24% used [0x00000000c0000000,0x00000000c09d1660,0x00000000c2800000)
 PSPermGen       total 23552K, used 23504K [0x00000000b0000000, 0x00000000b1700000, 0x00000000c0000000)
  object space 23552K, 99% used [0x00000000b0000000,0x00000000b16f4380,0x00000000b1700000)
}
Event: 9.769 GC heap before
{Heap before GC invocations=11 (full 0):
 PSYoungGen      total 57344K, used 56558K [0x00000000eaa80000, 0x00000000ee880000, 0x0000000100000000)
  eden space 51200K, 100% used [0x00000000eaa80000,0x00000000edc80000,0x00000000edc80000)
  from space 6144K, 87% used [0x00000000ee280000,0x00000000ee7bb908,0x00000000ee880000)
  to   space 6144K, 0% used [0x00000000edc80000,0x00000000edc80000,0x00000000ee280000)
 ParOldGen       total 40960K, used 10053K [0x00000000c0000000, 0x00000000c2800000, 0x00000000eaa80000)
  object space 40960K, 24% used [0x00000000c0000000,0x00000000c09d1660,0x00000000c2800000)
 PSPermGen       total 27136K, used 26916K [0x00000000b0000000, 0x00000000b1a80000, 0x00000000c0000000)
  object space 27136K, 99% used [0x00000000b0000000,0x00000000b1a491a0,0x00000000b1a80000)
Event: 9.780 GC heap after
Heap after GC invocations=11 (full 0):
 PSYoungGen      total 57344K, used 3713K [0x00000000eaa80000, 0x00000000f0680000, 0x0000000100000000)
  eden space 51200K, 0% used [0x00000000eaa80000,0x00000000eaa80000,0x00000000edc80000)
  from space 6144K, 60% used [0x00000000edc80000,0x00000000ee020568,0x00000000ee280000)
  to   space 6144K, 0% used [0x00000000f0080000,0x00000000f0080000,0x00000000f0680000)
 ParOldGen       total 40960K, used 13201K [0x00000000c0000000, 0x00000000c2800000, 0x00000000eaa80000)
  object space 40960K, 32% used [0x00000000c0000000,0x00000000c0ce44d8,0x00000000c2800000)
 PSPermGen       total 27136K, used 26916K [0x00000000b0000000, 0x00000000b1a80000, 0x00000000c0000000)
  object space 27136K, 99% used [0x00000000b0000000,0x00000000b1a491a0,0x00000000b1a80000)
}
Event: 10.962 GC heap before
{Heap before GC invocations=12 (full 0):
 PSYoungGen      total 57344K, used 54913K [0x00000000eaa80000, 0x00000000f0680000, 0x0000000100000000)
  eden space 51200K, 100% used [0x00000000eaa80000,0x00000000edc80000,0x00000000edc80000)
  from space 6144K, 60% used [0x00000000edc80000,0x00000000ee020568,0x00000000ee280000)
  to   space 6144K, 0% used [0x00000000f0080000,0x00000000f0080000,0x00000000f0680000)
 ParOldGen       total 40960K, used 13201K [0x00000000c0000000, 0x00000000c2800000, 0x00000000eaa80000)
  object space 40960K, 32% used [0x00000000c0000000,0x00000000c0ce44d8,0x00000000c2800000)
 PSPermGen       total 30720K, used 30467K [0x00000000b0000000, 0x00000000b1e00000, 0x00000000c0000000)
  object space 30720K, 99% used [0x00000000b0000000,0x00000000b1dc0da0,0x00000000b1e00000)
Event: 11.057 GC heap after
Heap after GC invocations=12 (full 0):
 PSYoungGen      total 86528K, used 6136K [0x00000000eaa80000, 0x00000000f0980000, 0x0000000100000000)
  eden space 80384K, 0% used [0x00000000eaa80000,0x00000000eaa80000,0x00000000ef900000)
  from space 6144K, 99% used [0x00000000f0080000,0x00000000f067e150,0x00000000f0680000)
  to   space 7680K, 0% used [0x00000000ef900000,0x00000000ef900000,0x00000000f0080000)
 ParOldGen       total 40960K, used 15334K [0x00000000c0000000, 0x00000000c2800000, 0x00000000eaa80000)
  object space 40960K, 37% used [0x00000000c0000000,0x00000000c0ef9958,0x00000000c2800000)
 PSPermGen       total 30720K, used 30467K [0x00000000b0000000, 0x00000000b1e00000, 0x00000000c0000000)
  object space 30720K, 99% used [0x00000000b0000000,0x00000000b1dc0da0,0x00000000b1e00000)
}
Event: 13.437 GC heap before
{Heap before GC invocations=13 (full 0):
 PSYoungGen      total 86528K, used 86520K [0x00000000eaa80000, 0x00000000f0980000, 0x0000000100000000)
  eden space 80384K, 100% used [0x00000000eaa80000,0x00000000ef900000,0x00000000ef900000)
  from space 6144K, 99% used [0x00000000f0080000,0x00000000f067e150,0x00000000f0680000)
  to   space 7680K, 0% used [0x00000000ef900000,0x00000000ef900000,0x00000000f0080000)
 ParOldGen       total 40960K, used 15334K [0x00000000c0000000, 0x00000000c2800000, 0x00000000eaa80000)
  object space 40960K, 37% used [0x00000000c0000000,0x00000000c0ef9958,0x00000000c2800000)
 PSPermGen       total 35840K, used 35498K [0x00000000b0000000, 0x00000000b2300000, 0x00000000c0000000)
  object space 35840K, 99% used [0x00000000b0000000,0x00000000b22aaa68,0x00000000b2300000)
Event: 13.466 GC heap after
Heap after GC invocations=13 (full 0):
 PSYoungGen      total 88064K, used 7670K [0x00000000eaa80000, 0x00000000f3e80000, 0x0000000100000000)
  eden space 80384K, 0% used [0x00000000eaa80000,0x00000000eaa80000,0x00000000ef900000)
  from space 7680K, 99% used [0x00000000ef900000,0x00000000f007d9d0,0x00000000f0080000)
  to   space 11264K, 0% used [0x00000000f3380000,0x00000000f3380000,0x00000000f3e80000)
 ParOldGen       total 40960K, used 22316K [0x00000000c0000000, 0x00000000c2800000, 0x00000000eaa80000)
  object space 40960K, 54% used [0x00000000c0000000,0x00000000c15cb238,0x00000000c2800000)
 PSPermGen       total 35840K, used 35498K [0x00000000b0000000, 0x00000000b2300000, 0x00000000c0000000)
  object space 35840K, 99% used [0x00000000b0000000,0x00000000b22aaa68,0x00000000b2300000)
}
Event: 14.977 GC heap before
{Heap before GC invocations=14 (full 0):
 PSYoungGen      total 88064K, used 88054K [0x00000000eaa80000, 0x00000000f3e80000, 0x0000000100000000)
  eden space 80384K, 100% used [0x00000000eaa80000,0x00000000ef900000,0x00000000ef900000)
  from space 7680K, 99% used [0x00000000ef900000,0x00000000f007d9d0,0x00000000f0080000)
  to   space 11264K, 0% used [0x00000000f3380000,0x00000000f3380000,0x00000000f3e80000)
 ParOldGen       total 40960K, used 22316K [0x00000000c0000000, 0x00000000c2800000, 0x00000000eaa80000)
  object space 40960K, 54% used [0x00000000c0000000,0x00000000c15cb238,0x00000000c2800000)
 PSPermGen       total 37888K, used 37568K [0x00000000b0000000, 0x00000000b2500000, 0x00000000c0000000)
  object space 37888K, 99% used [0x00000000b0000000,0x00000000b24b0268,0x00000000b2500000)
Event: 15.013 GC heap after
Heap after GC invocations=14 (full 0):
 PSYoungGen      total 139776K, used 8901K [0x00000000eaa80000, 0x00000000f3f80000, 0x0000000100000000)
  eden space 128512K, 0% used [0x00000000eaa80000,0x00000000eaa80000,0x00000000f2800000)
  from space 11264K, 79% used [0x00000000f3380000,0x00000000f3c315a0,0x00000000f3e80000)
  to   space 11776K, 0% used [0x00000000f2800000,0x00000000f2800000,0x00000000f3380000)
 ParOldGen       total 40960K, used 29771K [0x00000000c0000000, 0x00000000c2800000, 0x00000000eaa80000)
  object space 40960K, 72% used [0x00000000c0000000,0x00000000c1d12d08,0x00000000c2800000)
 PSPermGen       total 37888K, used 37568K [0x00000000b0000000, 0x00000000b2500000, 0x00000000c0000000)
  object space 37888K, 99% used [0x00000000b0000000,0x00000000b24b0268,0x00000000b2500000)
}
Event: 22.101 GC heap before
{Heap before GC invocations=15 (full 0):
 PSYoungGen      total 139776K, used 137413K [0x00000000eaa80000, 0x00000000f3f80000, 0x0000000100000000)
  eden space 128512K, 100% used [0x00000000eaa80000,0x00000000f2800000,0x00000000f2800000)
  from space 11264K, 79% used [0x00000000f3380000,0x00000000f3c315a0,0x00000000f3e80000)
  to   space 11776K, 0% used [0x00000000f2800000,0x00000000f2800000,0x00000000f3380000)
 ParOldGen       total 40960K, used 29771K [0x00000000c0000000, 0x00000000c2800000, 0x00000000eaa80000)
  object space 40960K, 72% used [0x00000000c0000000,0x00000000c1d12d08,0x00000000c2800000)
 PSPermGen       total 44032K, used 43599K [0x00000000b0000000, 0x00000000b2b00000, 0x00000000c0000000)
  object space 44032K, 99% used [0x00000000b0000000,0x00000000b2a93c50,0x00000000b2b00000)

